<?xml version="1.0" encoding="UTF-8"?>
<coverage generated="1599623167064" clover="3.2.0">
  <project timestamp="1599623167065" name="All files">
    <metrics statements="25" coveredstatements="25" conditionals="11" coveredconditionals="11" methods="3" coveredmethods="3" elements="39" coveredelements="39" complexity="0" loc="25" ncloc="25" packages="2" files="2" classes="2"/>
    <package name="components.common.typography">
      <metrics statements="24" coveredstatements="24" conditionals="11" coveredconditionals="11" methods="3" coveredmethods="3"/>
      <file name="typography.js" path="/Users/luiscisneros/RNPjs/SityIncidents/src/components/common/typography/typography.js">
        <metrics statements="24" coveredstatements="24" conditionals="11" coveredconditionals="11" methods="3" coveredmethods="3"/>
        <line num="5" count="1" type="stmt"/>
        <line num="16" count="1" type="stmt"/>
        <line num="19" count="8" type="cond" truecount="9" falsecount="0"/>
        <line num="21" count="1" type="stmt"/>
        <line num="22" count="1" type="stmt"/>
        <line num="24" count="1" type="stmt"/>
        <line num="25" count="1" type="stmt"/>
        <line num="27" count="1" type="stmt"/>
        <line num="28" count="1" type="stmt"/>
        <line num="30" count="1" type="stmt"/>
        <line num="31" count="1" type="stmt"/>
        <line num="33" count="1" type="stmt"/>
        <line num="34" count="1" type="stmt"/>
        <line num="36" count="1" type="stmt"/>
        <line num="37" count="1" type="stmt"/>
        <line num="39" count="1" type="stmt"/>
        <line num="40" count="1" type="stmt"/>
        <line num="43" count="1" type="stmt"/>
        <line num="44" count="1" type="stmt"/>
        <line num="47" count="8" type="stmt"/>
        <line num="50" count="1" type="stmt"/>
        <line num="51" count="8" type="stmt"/>
        <line num="53" count="8" type="cond" truecount="2" falsecount="0"/>
        <line num="56" count="1" type="stmt"/>
      </file>
    </package>
    <package name="styles">
      <metrics statements="1" coveredstatements="1" conditionals="0" coveredconditionals="0" methods="0" coveredmethods="0"/>
      <file name="palette.js" path="/Users/luiscisneros/RNPjs/SityIncidents/src/styles/palette.js">
        <metrics statements="1" coveredstatements="1" conditionals="0" coveredconditionals="0" methods="0" coveredmethods="0"/>
        <line num="1" count="1" type="stmt"/>
      </file>
    </package>
  </project>
</coverage>
