{"/Users/luiscisneros/RNPjs/SityIncidents/App.js": {"path":"/Users/luiscisneros/RNPjs/SityIncidents/App.js","statementMap":{"0":{"start":{"line":23,"column":19},"end":{"line":27,"column":1}},"1":{"start":{"line":29,"column":17},"end":{"line":31,"column":1}},"2":{"start":{"line":33,"column":22},"end":{"line":36,"column":1}},"3":{"start":{"line":38,"column":16},"end":{"line":41,"column":1}},"4":{"start":{"line":43,"column":20},"end":{"line":50,"column":1}},"5":{"start":{"line":44,"column":2},"end":{"line":49,"column":18}},"6":{"start":{"line":46,"column":27},"end":{"line":46,"column":48}},"7":{"start":{"line":52,"column":19},"end":{"line":65,"column":1}},"8":{"start":{"line":53,"column":2},"end":{"line":64,"column":12}},"9":{"start":{"line":61,"column":27},"end":{"line":61,"column":48}},"10":{"start":{"line":67,"column":19},"end":{"line":92,"column":1}},"11":{"start":{"line":68,"column":2},"end":{"line":91,"column":12}},"12":{"start":{"line":69,"column":71},"end":{"line":69,"column":100}},"13":{"start":{"line":71,"column":8},"end":{"line":88,"column":11}},"14":{"start":{"line":94,"column":14},"end":{"line":94,"column":36}},"15":{"start":{"line":96,"column":12},"end":{"line":113,"column":1}},"16":{"start":{"line":97,"column":2},"end":{"line":112,"column":4}}},"fnMap":{"0":{"name":"(anonymous_0)","decl":{"start":{"line":43,"column":20},"end":{"line":43,"column":21}},"loc":{"start":{"line":44,"column":2},"end":{"line":49,"column":18}},"line":44},"1":{"name":"(anonymous_1)","decl":{"start":{"line":46,"column":21},"end":{"line":46,"column":22}},"loc":{"start":{"line":46,"column":27},"end":{"line":46,"column":48}},"line":46},"2":{"name":"(anonymous_2)","decl":{"start":{"line":52,"column":19},"end":{"line":52,"column":20}},"loc":{"start":{"line":53,"column":2},"end":{"line":64,"column":12}},"line":53},"3":{"name":"(anonymous_3)","decl":{"start":{"line":61,"column":21},"end":{"line":61,"column":22}},"loc":{"start":{"line":61,"column":27},"end":{"line":61,"column":48}},"line":61},"4":{"name":"(anonymous_4)","decl":{"start":{"line":67,"column":19},"end":{"line":67,"column":20}},"loc":{"start":{"line":68,"column":2},"end":{"line":91,"column":12}},"line":68},"5":{"name":"(anonymous_5)","decl":{"start":{"line":69,"column":59},"end":{"line":69,"column":60}},"loc":{"start":{"line":69,"column":71},"end":{"line":69,"column":100}},"line":69},"6":{"name":"(anonymous_6)","decl":{"start":{"line":70,"column":7},"end":{"line":70,"column":8}},"loc":{"start":{"line":71,"column":8},"end":{"line":88,"column":11}},"line":71},"7":{"name":"(anonymous_7)","decl":{"start":{"line":96,"column":12},"end":{"line":96,"column":13}},"loc":{"start":{"line":96,"column":18},"end":{"line":113,"column":1}},"line":96}},"branchMap":{},"s":{"0":1,"1":1,"2":1,"3":1,"4":1,"5":0,"6":0,"7":1,"8":0,"9":0,"10":1,"11":0,"12":0,"13":0,"14":1,"15":1,"16":1},"f":{"0":0,"1":0,"2":0,"3":0,"4":0,"5":0,"6":0,"7":1},"b":{},"_coverageSchema":"1a1c01bbd47fc00a2c39e90264f33305004495a9","hash":"b00342aa92a9e5e41d6515d85b528d813d5eb494"}
,"/Users/luiscisneros/RNPjs/SityIncidents/meme.svg": {"path":"/Users/luiscisneros/RNPjs/SityIncidents/meme.svg","statementMap":{"0":{"start":{"line":1,"column":0},"end":{"line":4,"column":6}}},"fnMap":{},"branchMap":{},"s":{"0":1},"f":{},"b":{},"inputSourceMap":null,"_coverageSchema":"1a1c01bbd47fc00a2c39e90264f33305004495a9","hash":"f5dd38bb49383c1a71b2cd4850a3eeaa8b9ed121"}
,"/Users/luiscisneros/RNPjs/SityIncidents/src/components/common/button/button.js": {"path":"/Users/luiscisneros/RNPjs/SityIncidents/src/components/common/button/button.js","statementMap":{"0":{"start":{"line":5,"column":15},"end":{"line":9,"column":1}},"1":{"start":{"line":6,"column":2},"end":{"line":8,"column":13}},"2":{"start":{"line":11,"column":0},"end":{"line":17,"column":2}},"3":{"start":{"line":19,"column":0},"end":{"line":24,"column":2}}},"fnMap":{"0":{"name":"(anonymous_0)","decl":{"start":{"line":5,"column":15},"end":{"line":5,"column":16}},"loc":{"start":{"line":6,"column":2},"end":{"line":8,"column":13}},"line":6}},"branchMap":{},"s":{"0":1,"1":1,"2":1,"3":1},"f":{"0":1},"b":{},"_coverageSchema":"1a1c01bbd47fc00a2c39e90264f33305004495a9","hash":"aae0f7af8f76a72fc1b0ef6668419a471daca86d"}
,"/Users/luiscisneros/RNPjs/SityIncidents/src/components/common/input/input.js": {"path":"/Users/luiscisneros/RNPjs/SityIncidents/src/components/common/input/input.js","statementMap":{"0":{"start":{"line":7,"column":14},"end":{"line":33,"column":1}},"1":{"start":{"line":19,"column":2},"end":{"line":32,"column":5}},"2":{"start":{"line":35,"column":0},"end":{"line":46,"column":2}},"3":{"start":{"line":48,"column":0},"end":{"line":55,"column":2}}},"fnMap":{"0":{"name":"(anonymous_0)","decl":{"start":{"line":7,"column":14},"end":{"line":7,"column":15}},"loc":{"start":{"line":19,"column":2},"end":{"line":32,"column":5}},"line":19}},"branchMap":{"0":{"loc":{"start":{"line":31,"column":5},"end":{"line":31,"column":53}},"type":"binary-expr","locations":[{"start":{"line":31,"column":5},"end":{"line":31,"column":12}},{"start":{"line":31,"column":16},"end":{"line":31,"column":53}}],"line":31}},"s":{"0":1,"1":0,"2":1,"3":1},"f":{"0":0},"b":{"0":[0,0]},"_coverageSchema":"1a1c01bbd47fc00a2c39e90264f33305004495a9","hash":"ff4831c8af3e4e31899387ce025921d6a1aa99cf"}
,"/Users/luiscisneros/RNPjs/SityIncidents/src/components/common/typography/typography.js": {"path":"/Users/luiscisneros/RNPjs/SityIncidents/src/components/common/typography/typography.js","statementMap":{"0":{"start":{"line":5,"column":25},"end":{"line":14,"column":1}},"1":{"start":{"line":16,"column":20},"end":{"line":48,"column":1}},"2":{"start":{"line":19,"column":2},"end":{"line":45,"column":3}},"3":{"start":{"line":21,"column":6},"end":{"line":21,"column":20}},"4":{"start":{"line":22,"column":6},"end":{"line":22,"column":12}},"5":{"start":{"line":24,"column":6},"end":{"line":24,"column":20}},"6":{"start":{"line":25,"column":6},"end":{"line":25,"column":12}},"7":{"start":{"line":27,"column":6},"end":{"line":27,"column":20}},"8":{"start":{"line":28,"column":6},"end":{"line":28,"column":12}},"9":{"start":{"line":30,"column":6},"end":{"line":30,"column":20}},"10":{"start":{"line":31,"column":6},"end":{"line":31,"column":12}},"11":{"start":{"line":33,"column":6},"end":{"line":33,"column":20}},"12":{"start":{"line":34,"column":6},"end":{"line":34,"column":12}},"13":{"start":{"line":36,"column":6},"end":{"line":36,"column":20}},"14":{"start":{"line":37,"column":6},"end":{"line":37,"column":12}},"15":{"start":{"line":39,"column":6},"end":{"line":39,"column":20}},"16":{"start":{"line":40,"column":6},"end":{"line":40,"column":12}},"17":{"start":{"line":43,"column":6},"end":{"line":43,"column":20}},"18":{"start":{"line":44,"column":6},"end":{"line":44,"column":12}},"19":{"start":{"line":47,"column":2},"end":{"line":47,"column":14}},"20":{"start":{"line":50,"column":19},"end":{"line":54,"column":1}},"21":{"start":{"line":51,"column":26},"end":{"line":51,"column":49}},"22":{"start":{"line":53,"column":22},"end":{"line":53,"column":58}},"23":{"start":{"line":56,"column":0},"end":{"line":59,"column":2}}},"fnMap":{"0":{"name":"(anonymous_0)","decl":{"start":{"line":16,"column":20},"end":{"line":16,"column":21}},"loc":{"start":{"line":16,"column":30},"end":{"line":48,"column":1}},"line":16},"1":{"name":"(anonymous_1)","decl":{"start":{"line":51,"column":15},"end":{"line":51,"column":16}},"loc":{"start":{"line":51,"column":26},"end":{"line":51,"column":49}},"line":51},"2":{"name":"(anonymous_2)","decl":{"start":{"line":53,"column":11},"end":{"line":53,"column":12}},"loc":{"start":{"line":53,"column":22},"end":{"line":53,"column":58}},"line":53}},"branchMap":{"0":{"loc":{"start":{"line":19,"column":2},"end":{"line":45,"column":3}},"type":"switch","locations":[{"start":{"line":20,"column":4},"end":{"line":22,"column":12}},{"start":{"line":23,"column":4},"end":{"line":25,"column":12}},{"start":{"line":26,"column":4},"end":{"line":28,"column":12}},{"start":{"line":29,"column":4},"end":{"line":31,"column":12}},{"start":{"line":32,"column":4},"end":{"line":34,"column":12}},{"start":{"line":35,"column":4},"end":{"line":37,"column":12}},{"start":{"line":38,"column":4},"end":{"line":40,"column":12}},{"start":{"line":41,"column":4},"end":{"line":41,"column":37}},{"start":{"line":42,"column":4},"end":{"line":44,"column":12}}],"line":19},"1":{"loc":{"start":{"line":53,"column":22},"end":{"line":53,"column":58}},"type":"binary-expr","locations":[{"start":{"line":53,"column":22},"end":{"line":53,"column":33}},{"start":{"line":53,"column":37},"end":{"line":53,"column":58}}],"line":53}},"s":{"0":2,"1":2,"2":8,"3":1,"4":1,"5":1,"6":1,"7":1,"8":1,"9":1,"10":1,"11":1,"12":1,"13":1,"14":1,"15":1,"16":1,"17":1,"18":1,"19":8,"20":2,"21":8,"22":8,"23":2},"f":{"0":8,"1":8,"2":8},"b":{"0":[1,1,1,1,1,1,1,1,1],"1":[8,8]},"_coverageSchema":"1a1c01bbd47fc00a2c39e90264f33305004495a9","hash":"c5e6b5e68e31bd8b94d681de4749bcde8cc291af"}
}
