{"/Users/luiscisneros/RNPjs/SityIncidents/src/components/common/typography/typography.js": {"path":"/Users/luiscisneros/RNPjs/SityIncidents/src/components/common/typography/typography.js","statementMap":{"0":{"start":{"line":5,"column":25},"end":{"line":14,"column":1}},"1":{"start":{"line":16,"column":20},"end":{"line":48,"column":1}},"2":{"start":{"line":19,"column":2},"end":{"line":45,"column":3}},"3":{"start":{"line":21,"column":6},"end":{"line":21,"column":20}},"4":{"start":{"line":22,"column":6},"end":{"line":22,"column":12}},"5":{"start":{"line":24,"column":6},"end":{"line":24,"column":20}},"6":{"start":{"line":25,"column":6},"end":{"line":25,"column":12}},"7":{"start":{"line":27,"column":6},"end":{"line":27,"column":20}},"8":{"start":{"line":28,"column":6},"end":{"line":28,"column":12}},"9":{"start":{"line":30,"column":6},"end":{"line":30,"column":20}},"10":{"start":{"line":31,"column":6},"end":{"line":31,"column":12}},"11":{"start":{"line":33,"column":6},"end":{"line":33,"column":20}},"12":{"start":{"line":34,"column":6},"end":{"line":34,"column":12}},"13":{"start":{"line":36,"column":6},"end":{"line":36,"column":20}},"14":{"start":{"line":37,"column":6},"end":{"line":37,"column":12}},"15":{"start":{"line":39,"column":6},"end":{"line":39,"column":20}},"16":{"start":{"line":40,"column":6},"end":{"line":40,"column":12}},"17":{"start":{"line":43,"column":6},"end":{"line":43,"column":20}},"18":{"start":{"line":44,"column":6},"end":{"line":44,"column":12}},"19":{"start":{"line":47,"column":2},"end":{"line":47,"column":14}},"20":{"start":{"line":50,"column":19},"end":{"line":54,"column":1}},"21":{"start":{"line":51,"column":26},"end":{"line":51,"column":49}},"22":{"start":{"line":53,"column":22},"end":{"line":53,"column":58}},"23":{"start":{"line":56,"column":0},"end":{"line":59,"column":2}}},"fnMap":{"0":{"name":"(anonymous_0)","decl":{"start":{"line":16,"column":20},"end":{"line":16,"column":21}},"loc":{"start":{"line":16,"column":30},"end":{"line":48,"column":1}},"line":16},"1":{"name":"(anonymous_1)","decl":{"start":{"line":51,"column":15},"end":{"line":51,"column":16}},"loc":{"start":{"line":51,"column":26},"end":{"line":51,"column":49}},"line":51},"2":{"name":"(anonymous_2)","decl":{"start":{"line":53,"column":11},"end":{"line":53,"column":12}},"loc":{"start":{"line":53,"column":22},"end":{"line":53,"column":58}},"line":53}},"branchMap":{"0":{"loc":{"start":{"line":19,"column":2},"end":{"line":45,"column":3}},"type":"switch","locations":[{"start":{"line":20,"column":4},"end":{"line":22,"column":12}},{"start":{"line":23,"column":4},"end":{"line":25,"column":12}},{"start":{"line":26,"column":4},"end":{"line":28,"column":12}},{"start":{"line":29,"column":4},"end":{"line":31,"column":12}},{"start":{"line":32,"column":4},"end":{"line":34,"column":12}},{"start":{"line":35,"column":4},"end":{"line":37,"column":12}},{"start":{"line":38,"column":4},"end":{"line":40,"column":12}},{"start":{"line":41,"column":4},"end":{"line":41,"column":37}},{"start":{"line":42,"column":4},"end":{"line":44,"column":12}}],"line":19},"1":{"loc":{"start":{"line":53,"column":22},"end":{"line":53,"column":58}},"type":"binary-expr","locations":[{"start":{"line":53,"column":22},"end":{"line":53,"column":33}},{"start":{"line":53,"column":37},"end":{"line":53,"column":58}}],"line":53}},"s":{"0":1,"1":1,"2":8,"3":1,"4":1,"5":1,"6":1,"7":1,"8":1,"9":1,"10":1,"11":1,"12":1,"13":1,"14":1,"15":1,"16":1,"17":1,"18":1,"19":8,"20":1,"21":8,"22":8,"23":1},"f":{"0":8,"1":8,"2":8},"b":{"0":[1,1,1,1,1,1,1,1,1],"1":[8,8]},"_coverageSchema":"1a1c01bbd47fc00a2c39e90264f33305004495a9","hash":"c5e6b5e68e31bd8b94d681de4749bcde8cc291af"}
,"/Users/luiscisneros/RNPjs/SityIncidents/src/styles/palette.js": {"path":"/Users/luiscisneros/RNPjs/SityIncidents/src/styles/palette.js","statementMap":{"0":{"start":{"line":1,"column":16},"end":{"line":91,"column":1}}},"fnMap":{},"branchMap":{},"s":{"0":1},"f":{},"b":{},"_coverageSchema":"1a1c01bbd47fc00a2c39e90264f33305004495a9","hash":"34e53a5d08899aee3ae295bb98b9ebfc09be1f89"}
}
