TN:
SF:App.js
FN:43,(anonymous_0)
FN:46,(anonymous_1)
FN:52,(anonymous_2)
FN:61,(anonymous_3)
FN:67,(anonymous_4)
FN:69,(anonymous_5)
FN:70,(anonymous_6)
FN:96,(anonymous_7)
FNF:8
FNH:1
FNDA:0,(anonymous_0)
FNDA:0,(anonymous_1)
FNDA:0,(anonymous_2)
FNDA:0,(anonymous_3)
FNDA:0,(anonymous_4)
FNDA:0,(anonymous_5)
FNDA:0,(anonymous_6)
FNDA:1,(anonymous_7)
DA:23,1
DA:29,1
DA:33,1
DA:38,1
DA:43,1
DA:44,0
DA:46,0
DA:52,1
DA:53,0
DA:61,0
DA:67,1
DA:68,0
DA:69,0
DA:71,0
DA:94,1
DA:96,1
DA:97,1
LF:17
LH:10
BRF:0
BRH:0
end_of_record
TN:
SF:meme.svg
FNF:0
FNH:0
DA:1,1
LF:1
LH:1
BRF:0
BRH:0
end_of_record
TN:
SF:src/components/common/button/button.js
FN:5,(anonymous_0)
FNF:1
FNH:1
FNDA:1,(anonymous_0)
DA:5,1
DA:6,1
DA:11,1
DA:19,1
LF:4
LH:4
BRF:0
BRH:0
end_of_record
TN:
SF:src/components/common/input/input.js
FN:7,(anonymous_0)
FNF:1
FNH:0
FNDA:0,(anonymous_0)
DA:7,1
DA:19,0
DA:35,1
DA:48,1
LF:4
LH:3
BRDA:31,0,0,0
BRDA:31,0,1,0
BRF:2
BRH:0
end_of_record
TN:
SF:src/components/common/typography/typography.js
FN:16,(anonymous_0)
FN:51,(anonymous_1)
FN:53,(anonymous_2)
FNF:3
FNH:3
FNDA:8,(anonymous_0)
FNDA:8,(anonymous_1)
FNDA:8,(anonymous_2)
DA:5,2
DA:16,2
DA:19,8
DA:21,1
DA:22,1
DA:24,1
DA:25,1
DA:27,1
DA:28,1
DA:30,1
DA:31,1
DA:33,1
DA:34,1
DA:36,1
DA:37,1
DA:39,1
DA:40,1
DA:43,1
DA:44,1
DA:47,8
DA:50,2
DA:51,8
DA:53,8
DA:56,2
LF:24
LH:24
BRDA:19,0,0,1
BRDA:19,0,1,1
BRDA:19,0,2,1
BRDA:19,0,3,1
BRDA:19,0,4,1
BRDA:19,0,5,1
BRDA:19,0,6,1
BRDA:19,0,7,1
BRDA:19,0,8,1
BRDA:53,1,0,8
BRDA:53,1,1,8
BRF:11
BRH:11
end_of_record
