TN:
SF:src/components/common/typography/typography.js
FN:16,(anonymous_0)
FN:51,(anonymous_1)
FN:53,(anonymous_2)
FNF:3
FNH:3
FNDA:8,(anonymous_0)
FNDA:8,(anonymous_1)
FNDA:8,(anonymous_2)
DA:5,1
DA:16,1
DA:19,8
DA:21,1
DA:22,1
DA:24,1
DA:25,1
DA:27,1
DA:28,1
DA:30,1
DA:31,1
DA:33,1
DA:34,1
DA:36,1
DA:37,1
DA:39,1
DA:40,1
DA:43,1
DA:44,1
DA:47,8
DA:50,1
DA:51,8
DA:53,8
DA:56,1
LF:24
LH:24
BRDA:19,0,0,1
BRDA:19,0,1,1
BRDA:19,0,2,1
BRDA:19,0,3,1
BRDA:19,0,4,1
BRDA:19,0,5,1
BRDA:19,0,6,1
BRDA:19,0,7,1
BRDA:19,0,8,1
BRDA:53,1,0,8
BRDA:53,1,1,8
BRF:11
BRH:11
end_of_record
TN:
SF:src/styles/palette.js
FNF:0
FNH:0
DA:1,1
LF:1
LH:1
BRF:0
BRH:0
end_of_record
